Error crítico detectado: division by zero
Error crítico detectado: division by zero
Error crítico detectado: division by zero
Error 404 - Ruta no encontrada: /404.html
Error 404 - Ruta no encontrada: /500.html
Error 404 - Ruta no encontrada: /500.html
Error 404 - Ruta no encontrada: /templates/500.html
Error 405 - Método PUT no permitido en /juegos
Error 404 - Ruta no encontrada: /favicon.ico
Error 404 - Ruta no encontrada: /favicon.ico
Error 400 detectado: The browser (or proxy) sent a request that this server could not understand.
Error 400 detectado: The browser (or proxy) sent a request that this server could not understand.
Error 404 - Ruta no encontrada: /favicon.ico
Error 400 detectado: The browser (or proxy) sent a request that this server could not understand.
Error 400 detectado: The browser (or proxy) sent a request that this server could not understand.
Error 400 detectado: The browser (or proxy) sent a request that this server could not understand.
Error 400 detectado: The browser (or proxy) sent a request that this server could not understand.
Error 400 detectado: The browser (or proxy) sent a request that this server could not understand.
Error 404 - Ruta no encontrada: /forzar-erro
Error 404 - Ruta no encontrada: /forzar-erro
Error detectado: division by zero
Error detectado: division by zero
